C:\Users\berkh\Pictures\FlightApp\flightapp.webapi\ClientApp\dist\out-tsc\environments\environment.js
C:\Users\berkh\Pictures\FlightApp\flightapp.webapi\ClientApp\dist\out-tsc\environments\environment.js.map
C:\Users\berkh\Pictures\FlightApp\flightapp.webapi\ClientApp\dist\out-tsc\app\authentication\auth-response.model.js
C:\Users\berkh\Pictures\FlightApp\flightapp.webapi\ClientApp\dist\out-tsc\app\authentication\auth-response.model.js.map
C:\Users\berkh\Pictures\FlightApp\flightapp.webapi\ClientApp\dist\out-tsc\app\authentication\user.model.js
C:\Users\berkh\Pictures\FlightApp\flightapp.webapi\ClientApp\dist\out-tsc\app\authentication\user.model.js.map
C:\Users\berkh\Pictures\FlightApp\flightapp.webapi\ClientApp\dist\out-tsc\app\authentication\auth.service.js
C:\Users\berkh\Pictures\FlightApp\flightapp.webapi\ClientApp\dist\out-tsc\app\authentication\auth.service.js.map
C:\Users\berkh\Pictures\FlightApp\flightapp.webapi\ClientApp\dist\out-tsc\app\flights\flight.model.js
C:\Users\berkh\Pictures\FlightApp\flightapp.webapi\ClientApp\dist\out-tsc\app\flights\flight.model.js.map
C:\Users\berkh\Pictures\FlightApp\flightapp.webapi\ClientApp\dist\out-tsc\app\flights\flight.service.js
C:\Users\berkh\Pictures\FlightApp\flightapp.webapi\ClientApp\dist\out-tsc\app\flights\flight.service.js.map
C:\Users\berkh\Pictures\FlightApp\flightapp.webapi\ClientApp\dist\out-tsc\app\app.component.js
C:\Users\berkh\Pictures\FlightApp\flightapp.webapi\ClientApp\dist\out-tsc\app\app.component.js.map
C:\Users\berkh\Pictures\FlightApp\flightapp.webapi\ClientApp\dist\out-tsc\app\shared\navbar\navbar.component.js
C:\Users\berkh\Pictures\FlightApp\flightapp.webapi\ClientApp\dist\out-tsc\app\shared\navbar\navbar.component.js.map
C:\Users\berkh\Pictures\FlightApp\flightapp.webapi\ClientApp\dist\out-tsc\app\shared\home\home.component.js
C:\Users\berkh\Pictures\FlightApp\flightapp.webapi\ClientApp\dist\out-tsc\app\shared\home\home.component.js.map
C:\Users\berkh\Pictures\FlightApp\flightapp.webapi\ClientApp\dist\out-tsc\app\shared\not-found\not-found.component.js
C:\Users\berkh\Pictures\FlightApp\flightapp.webapi\ClientApp\dist\out-tsc\app\shared\not-found\not-found.component.js.map
C:\Users\berkh\Pictures\FlightApp\flightapp.webapi\ClientApp\dist\out-tsc\app\categories\category.model.js
C:\Users\berkh\Pictures\FlightApp\flightapp.webapi\ClientApp\dist\out-tsc\app\categories\category.model.js.map
C:\Users\berkh\Pictures\FlightApp\flightapp.webapi\ClientApp\dist\out-tsc\app\categories\category.service.js
C:\Users\berkh\Pictures\FlightApp\flightapp.webapi\ClientApp\dist\out-tsc\app\categories\category.service.js.map
C:\Users\berkh\Pictures\FlightApp\flightapp.webapi\ClientApp\dist\out-tsc\app\flights\flight-create\flight-create.component.js
C:\Users\berkh\Pictures\FlightApp\flightapp.webapi\ClientApp\dist\out-tsc\app\flights\flight-create\flight-create.component.js.map
C:\Users\berkh\Pictures\FlightApp\flightapp.webapi\ClientApp\dist\out-tsc\app\flights\flight-list\flight-list.component.js
C:\Users\berkh\Pictures\FlightApp\flightapp.webapi\ClientApp\dist\out-tsc\app\flights\flight-list\flight-list.component.js.map
C:\Users\berkh\Pictures\FlightApp\flightapp.webapi\ClientApp\dist\out-tsc\app\flights\flight\flight.component.js
C:\Users\berkh\Pictures\FlightApp\flightapp.webapi\ClientApp\dist\out-tsc\app\flights\flight\flight.component.js.map
C:\Users\berkh\Pictures\FlightApp\flightapp.webapi\ClientApp\dist\out-tsc\app\authentication\admin.guard.js
C:\Users\berkh\Pictures\FlightApp\flightapp.webapi\ClientApp\dist\out-tsc\app\authentication\admin.guard.js.map
C:\Users\berkh\Pictures\FlightApp\flightapp.webapi\ClientApp\dist\out-tsc\app\authentication\auth\auth.component.js
C:\Users\berkh\Pictures\FlightApp\flightapp.webapi\ClientApp\dist\out-tsc\app\authentication\auth\auth.component.js.map
C:\Users\berkh\Pictures\FlightApp\flightapp.webapi\ClientApp\dist\out-tsc\app\authentication\authentication.module.js
C:\Users\berkh\Pictures\FlightApp\flightapp.webapi\ClientApp\dist\out-tsc\app\authentication\authentication.module.js.map
C:\Users\berkh\Pictures\FlightApp\flightapp.webapi\ClientApp\dist\out-tsc\app\flights\flight.module.js
C:\Users\berkh\Pictures\FlightApp\flightapp.webapi\ClientApp\dist\out-tsc\app\flights\flight.module.js.map
C:\Users\berkh\Pictures\FlightApp\flightapp.webapi\ClientApp\dist\out-tsc\app\app-routing.module.js
C:\Users\berkh\Pictures\FlightApp\flightapp.webapi\ClientApp\dist\out-tsc\app\app-routing.module.js.map
C:\Users\berkh\Pictures\FlightApp\flightapp.webapi\ClientApp\dist\out-tsc\app\shared\shared.module.js
C:\Users\berkh\Pictures\FlightApp\flightapp.webapi\ClientApp\dist\out-tsc\app\shared\shared.module.js.map
C:\Users\berkh\Pictures\FlightApp\flightapp.webapi\ClientApp\dist\out-tsc\app\categories\category-create\category-create.component.js
C:\Users\berkh\Pictures\FlightApp\flightapp.webapi\ClientApp\dist\out-tsc\app\categories\category-create\category-create.component.js.map
C:\Users\berkh\Pictures\FlightApp\flightapp.webapi\ClientApp\dist\out-tsc\app\categories\category-list\category-list.component.js
C:\Users\berkh\Pictures\FlightApp\flightapp.webapi\ClientApp\dist\out-tsc\app\categories\category-list\category-list.component.js.map
C:\Users\berkh\Pictures\FlightApp\flightapp.webapi\ClientApp\dist\out-tsc\app\categories\categories.module.js
C:\Users\berkh\Pictures\FlightApp\flightapp.webapi\ClientApp\dist\out-tsc\app\categories\categories.module.js.map
C:\Users\berkh\Pictures\FlightApp\flightapp.webapi\ClientApp\dist\out-tsc\app\app.module.js
C:\Users\berkh\Pictures\FlightApp\flightapp.webapi\ClientApp\dist\out-tsc\app\app.module.js.map
C:\Users\berkh\Pictures\FlightApp\flightapp.webapi\ClientApp\dist\out-tsc\main.js
C:\Users\berkh\Pictures\FlightApp\flightapp.webapi\ClientApp\dist\out-tsc\main.js.map
C:\Users\berkh\Pictures\FlightApp\flightapp.webapi\ClientApp\dist\out-tsc\polyfills.js
C:\Users\berkh\Pictures\FlightApp\flightapp.webapi\ClientApp\dist\out-tsc\polyfills.js.map
C:\Users\berkh\Pictures\FlightApp\flightapp.webapi\ClientApp\dist\out-tsc\test.js
C:\Users\berkh\Pictures\FlightApp\flightapp.webapi\ClientApp\dist\out-tsc\test.js.map
C:\Users\berkh\Pictures\FlightApp\flightapp.webapi\ClientApp\dist\out-tsc\app\app.component.spec.js
C:\Users\berkh\Pictures\FlightApp\flightapp.webapi\ClientApp\dist\out-tsc\app\app.component.spec.js.map
C:\Users\berkh\Pictures\FlightApp\flightapp.webapi\ClientApp\dist\out-tsc\app\authentication\auth\auth.component.spec.js
C:\Users\berkh\Pictures\FlightApp\flightapp.webapi\ClientApp\dist\out-tsc\app\authentication\auth\auth.component.spec.js.map
C:\Users\berkh\Pictures\FlightApp\flightapp.webapi\ClientApp\dist\out-tsc\app\categories\category-create\category-create.component.spec.js
C:\Users\berkh\Pictures\FlightApp\flightapp.webapi\ClientApp\dist\out-tsc\app\categories\category-create\category-create.component.spec.js.map
C:\Users\berkh\Pictures\FlightApp\flightapp.webapi\ClientApp\dist\out-tsc\app\categories\category-list\category-list.component.spec.js
C:\Users\berkh\Pictures\FlightApp\flightapp.webapi\ClientApp\dist\out-tsc\app\categories\category-list\category-list.component.spec.js.map
C:\Users\berkh\Pictures\FlightApp\flightapp.webapi\ClientApp\dist\out-tsc\app\flights\flight\flight.component.spec.js
C:\Users\berkh\Pictures\FlightApp\flightapp.webapi\ClientApp\dist\out-tsc\app\flights\flight\flight.component.spec.js.map
C:\Users\berkh\Pictures\FlightApp\flightapp.webapi\ClientApp\dist\out-tsc\app\flights\flight-create\flight-create.component.spec.js
C:\Users\berkh\Pictures\FlightApp\flightapp.webapi\ClientApp\dist\out-tsc\app\flights\flight-create\flight-create.component.spec.js.map
C:\Users\berkh\Pictures\FlightApp\flightapp.webapi\ClientApp\dist\out-tsc\app\flights\flight-list\flight-list.component.spec.js
C:\Users\berkh\Pictures\FlightApp\flightapp.webapi\ClientApp\dist\out-tsc\app\flights\flight-list\flight-list.component.spec.js.map
C:\Users\berkh\Pictures\FlightApp\flightapp.webapi\ClientApp\dist\out-tsc\app\shared\home\home.component.spec.js
C:\Users\berkh\Pictures\FlightApp\flightapp.webapi\ClientApp\dist\out-tsc\app\shared\home\home.component.spec.js.map
C:\Users\berkh\Pictures\FlightApp\flightapp.webapi\ClientApp\dist\out-tsc\app\shared\navbar\navbar.component.spec.js
C:\Users\berkh\Pictures\FlightApp\flightapp.webapi\ClientApp\dist\out-tsc\app\shared\navbar\navbar.component.spec.js.map
C:\Users\berkh\Pictures\FlightApp\flightapp.webapi\ClientApp\dist\out-tsc\app\shared\not-found\not-found.component.spec.js
C:\Users\berkh\Pictures\FlightApp\flightapp.webapi\ClientApp\dist\out-tsc\app\shared\not-found\not-found.component.spec.js.map
C:\Users\berkh\Pictures\FlightApp\flightapp.webapi\ClientApp\dist\out-tsc\environments\environment.prod.js
C:\Users\berkh\Pictures\FlightApp\flightapp.webapi\ClientApp\dist\out-tsc\environments\environment.prod.js.map
